  Animal.cpp
  Animals.cpp
C:\Users\PC\Documents\GitHub\AnimalChess\Animals.cpp(120,17): error C2601: 'findAllyCow': 지역 함수 정의가 잘못되었습니다.
  C:\Users\PC\Documents\GitHub\AnimalChess\Animals.cpp(117,50):
  이 줄에 짝이 되지 않는 '{'가 들어 있습니다.
  
C:\Users\PC\Documents\GitHub\AnimalChess\Animals.cpp(140,37): error C2144: 구문 오류: int'은(는) ')' 다음에 와야 합니다.
C:\Users\PC\Documents\GitHub\AnimalChess\Animals.cpp(140,25): error C2660: 'findAllyCow': 함수는 0개의 인수를 사용하지 않습니다.
  C:\Users\PC\Documents\GitHub\AnimalChess\Animals.cpp(120,17):
  'findAllyCow' 선언을 참조하십시오.
  C:\Users\PC\Documents\GitHub\AnimalChess\Animals.cpp(140,25):
  인수 목록 '()'을(를) 일치시키는 동안
  
C:\Users\PC\Documents\GitHub\AnimalChess\Animals.cpp(140,37): error C2144: 구문 오류: int'은(는) ';' 다음에 와야 합니다.
C:\Users\PC\Documents\GitHub\AnimalChess\Animals.cpp(140,45): error C2062: 예기치 않은 'int' 형식입니다.
C:\Users\PC\Documents\GitHub\AnimalChess\Animals.cpp(140,51): error C2059: 구문 오류: ')'
C:\Users\PC\Documents\GitHub\AnimalChess\Animals.cpp(143,2): error C2065: 'pBoard': 선언되지 않은 식별자입니다.
C:\Users\PC\Documents\GitHub\AnimalChess\Animals.cpp(130,10): error C2065: 'board': 선언되지 않은 식별자입니다.
C:\Users\PC\Documents\GitHub\AnimalChess\Animals.cpp(130,40): error C2065: 'board': 선언되지 않은 식별자입니다.
C:\Users\PC\Documents\GitHub\AnimalChess\Animals.cpp(167,17): error C2601: 'findAllyDuck': 지역 함수 정의가 잘못되었습니다.
  C:\Users\PC\Documents\GitHub\AnimalChess\Animals.cpp(165,43):
  이 줄에 짝이 되지 않는 '{'가 들어 있습니다.
  
C:\Users\PC\Documents\GitHub\AnimalChess\Animals.cpp(188,38): error C2144: 구문 오류: int'은(는) ')' 다음에 와야 합니다.
C:\Users\PC\Documents\GitHub\AnimalChess\Animals.cpp(188,25): error C2660: 'findAllyDuck': 함수는 0개의 인수를 사용하지 않습니다.
  C:\Users\PC\Documents\GitHub\AnimalChess\Animals.cpp(167,17):
  'findAllyDuck' 선언을 참조하십시오.
  C:\Users\PC\Documents\GitHub\AnimalChess\Animals.cpp(188,25):
  인수 목록 '()'을(를) 일치시키는 동안
  
C:\Users\PC\Documents\GitHub\AnimalChess\Animals.cpp(188,38): error C2144: 구문 오류: int'은(는) ';' 다음에 와야 합니다.
C:\Users\PC\Documents\GitHub\AnimalChess\Animals.cpp(188,46): error C2062: 예기치 않은 'int' 형식입니다.
C:\Users\PC\Documents\GitHub\AnimalChess\Animals.cpp(188,52): error C2059: 구문 오류: ')'
C:\Users\PC\Documents\GitHub\AnimalChess\Animals.cpp(190,20): error C2039: 'Second': 'std::pair<int,int>'의 멤버가 아닙니다.
  C:\Users\PC\Documents\GitHub\AnimalChess\Animals.cpp(120,2):
  'std::pair<int,int>' 선언을 참조하십시오.
  
C:\Users\PC\Documents\GitHub\AnimalChess\Animals.cpp(191,7): error C2601: 'isgetDamage': 지역 함수 정의가 잘못되었습니다.
  C:\Users\PC\Documents\GitHub\AnimalChess\Animals.cpp(165,43):
  이 줄에 짝이 되지 않는 '{'가 들어 있습니다.
  
C:\Users\PC\Documents\GitHub\AnimalChess\Animals.cpp(197,18): error C2065: 'pBoard': 선언되지 않은 식별자입니다.
C:\Users\PC\Documents\GitHub\AnimalChess\Animals.cpp(197,43): error C2065: 'enemy_attack_Damage': 선언되지 않은 식별자입니다.
C:\Users\PC\Documents\GitHub\AnimalChess\Animals.cpp(199,4): error C2065: 'pBoard': 선언되지 않은 식별자입니다.
C:\Users\PC\Documents\GitHub\AnimalChess\Animals.cpp(177,10): error C2065: 'board': 선언되지 않은 식별자입니다.
C:\Users\PC\Documents\GitHub\AnimalChess\Animals.cpp(177,40): error C2065: 'board': 선언되지 않은 식별자입니다.
C:\Users\PC\Documents\GitHub\AnimalChess\Animals.cpp(225,17): error C2601: 'AllyCheck': 지역 함수 정의가 잘못되었습니다.
  C:\Users\PC\Documents\GitHub\AnimalChess\Animals.cpp(221,43):
  이 줄에 짝이 되지 않는 '{'가 들어 있습니다.
  
C:\Users\PC\Documents\GitHub\AnimalChess\Animals.cpp(252,35): error C2144: 구문 오류: int'은(는) ')' 다음에 와야 합니다.
C:\Users\PC\Documents\GitHub\AnimalChess\Animals.cpp(252,25): error C2660: 'AllyCheck': 함수는 0개의 인수를 사용하지 않습니다.
  C:\Users\PC\Documents\GitHub\AnimalChess\Animals.cpp(225,17):
  'AllyCheck' 선언을 참조하십시오.
  C:\Users\PC\Documents\GitHub\AnimalChess\Animals.cpp(252,25):
  인수 목록 '()'을(를) 일치시키는 동안
  
C:\Users\PC\Documents\GitHub\AnimalChess\Animals.cpp(252,35): error C2144: 구문 오류: int'은(는) ';' 다음에 와야 합니다.
C:\Users\PC\Documents\GitHub\AnimalChess\Animals.cpp(252,43): error C2062: 예기치 않은 'int' 형식입니다.
C:\Users\PC\Documents\GitHub\AnimalChess\Animals.cpp(252,49): error C2059: 구문 오류: ')'
C:\Users\PC\Documents\GitHub\AnimalChess\Animals.cpp(255,3): error C2065: 'pBoard': 선언되지 않은 식별자입니다.
C:\Users\PC\Documents\GitHub\AnimalChess\Animals.cpp(255,10): error C2065: 'AllyX': 선언되지 않은 식별자입니다.
C:\Users\PC\Documents\GitHub\AnimalChess\Animals.cpp(255,17): error C2065: 'AllyY': 선언되지 않은 식별자입니다.
C:\Users\PC\Documents\GitHub\AnimalChess\Animals.cpp(234,9): error C2065: 'pBoard': 선언되지 않은 식별자입니다.
C:\Users\PC\Documents\GitHub\AnimalChess\Animals.cpp(234,34): error C2065: 'pBoard': 선언되지 않은 식별자입니다.
C:\Users\PC\Documents\GitHub\AnimalChess\Animals.cpp(244,9): error C2065: 'pBoard': 선언되지 않은 식별자입니다.
C:\Users\PC\Documents\GitHub\AnimalChess\Animals.cpp(244,34): error C2065: 'pBoard': 선언되지 않은 식별자입니다.
  Board.MoveTo.cpp
  Console.Execution.cpp
  Graphics.Draw.cpp
C:\Users\PC\Documents\GitHub\AnimalChess\Graphics.Draw.cpp(51,2): error C2059: 구문 오류: 'return'
  method.cpp
  main.cpp
  코드를 생성하고 있습니다...
C:\Users\PC\Documents\GitHub\AnimalChess\Board.MoveTo.cpp(56): warning C4715: 'Board::MoveTo': 모든 제어 경로에서 값을 반환하지는 않습니다.
